Using pre-set license
Built from '2020.3/staging' branch; Version is '2020.3.11f1 (99c7afb366b3) revision 10078127'; Using compiler version '192528614'; Build Type 'Release'
OS: 'Windows 10 Pro; OS build 19041.985; Version 2004; 64bit' Language: 'fr' Physical Memory: 32688 MB
BatchMode: 1, IsHumanControllingUs: 0, StartBugReporterOnCrash: 0, Is64bit: 1, IsPro: 0

 COMMAND LINE ARGUMENTS:
C:\Program Files\Unity\Hub\Editor\2020.3.11f1\Editor\Unity.exe
-adb2
-batchMode
-noUpm
-name
AssetImportWorker0
-projectPath
D:/Amélioration du prototype MARTIN VX/Tutoriel/Jam/GMTK Jam 2021 2/GMTK-Game-Jam-2021/GMTK Game Jam 2021
-logFile
Logs/AssetImportWorker0.log
-srvPort
52039
Successfully changed project path to: D:/Amélioration du prototype MARTIN VX/Tutoriel/Jam/GMTK Jam 2021 2/GMTK-Game-Jam-2021/GMTK Game Jam 2021
D:/Amélioration du prototype MARTIN VX/Tutoriel/Jam/GMTK Jam 2021 2/GMTK-Game-Jam-2021/GMTK Game Jam 2021
Using Asset Import Pipeline V2.
Refreshing native plugins compatible for Editor in 29.74 ms, found 3 plugins.
Preloading 0 native plugins for Editor in 0.00 ms.
Initialize engine version: 2020.3.11f1 (99c7afb366b3)
[Subsystems] Discovering subsystems at path C:/Program Files/Unity/Hub/Editor/2020.3.11f1/Editor/Data/Resources/UnitySubsystems
[Subsystems] Discovering subsystems at path D:/Amélioration du prototype MARTIN VX/Tutoriel/Jam/GMTK Jam 2021 2/GMTK-Game-Jam-2021/GMTK Game Jam 2021/Assets
GfxDevice: creating device client; threaded=0
Direct3D:
    Version:  Direct3D 11.0 [level 11.1]
    Renderer: NVIDIA GeForce RTX 2070 SUPER (ID=0x1e84)
    Vendor:   
    VRAM:     8011 MB
    Driver:   27.21.14.5730
Initialize mono
Mono path[0] = 'C:/Program Files/Unity/Hub/Editor/2020.3.11f1/Editor/Data/Managed'
Mono path[1] = 'C:/Program Files/Unity/Hub/Editor/2020.3.11f1/Editor/Data/MonoBleedingEdge/lib/mono/unityjit'
Mono config path = 'C:/Program Files/Unity/Hub/Editor/2020.3.11f1/Editor/Data/MonoBleedingEdge/etc'
Using monoOptions --debugger-agent=transport=dt_socket,embedding=1,server=y,suspend=n,address=127.0.0.1:56252
Begin MonoManager ReloadAssembly
Registering precompiled unity dll's ...
Register platform support module: C:/Program Files/Unity/Hub/Editor/2020.3.11f1/Editor/Data/PlaybackEngines/WebGLSupport/UnityEditor.WebGL.Extensions.dll
Register platform support module: C:/Program Files/Unity/Hub/Editor/2020.3.11f1/Editor/Data/PlaybackEngines/WindowsStandaloneSupport/UnityEditor.WindowsStandalone.Extensions.dll
Registered in 0.002026 seconds.
Native extension for WindowsStandalone target not found
Native extension for WebGL target not found
Refreshing native plugins compatible for Editor in 31.84 ms, found 3 plugins.
Preloading 0 native plugins for Editor in 0.00 ms.
Mono: successfully reloaded assembly
- Completed reload, in  1.216 seconds
Platform modules already initialized, skipping
Registering precompiled user dll's ...
Registered in 0.002476 seconds.
Begin MonoManager ReloadAssembly
Native extension for WindowsStandalone target not found
Native extension for WebGL target not found
Refreshing native plugins compatible for Editor in 30.51 ms, found 3 plugins.
Preloading 0 native plugins for Editor in 0.00 ms.
Mono: successfully reloaded assembly
- Completed reload, in  0.852 seconds
Platform modules already initialized, skipping
========================================================================
Worker process is ready to serve import requests
Launched and connected shader compiler UnityShaderCompiler.exe after 0.05 seconds
Refreshing native plugins compatible for Editor in 0.41 ms, found 3 plugins.
Preloading 0 native plugins for Editor in 0.00 ms.
Unloading 2083 Unused Serialized files (Serialized files now loaded: 0)
System memory in use before: 93.7 MB.
System memory in use after: 93.6 MB.

Unloading 33 unused Assets to reduce memory usage. Loaded Objects now: 2516.
Total: 1.931800 ms (FindLiveObjects: 0.180900 ms CreateObjectMapping: 0.065500 ms MarkObjects: 1.584600 ms  DeleteObjects: 0.099900 ms)

========================================================================
Received Import Request.
  path: Assets/Scenes/SampleScene.unity
  artifactKey: Guid(2cda990e2423bbf4892e6590ba056729) Importer(815301076,1909f56bfc062723c751e8b465ee728b)
Start importing Assets/Scenes/SampleScene.unity using Guid(2cda990e2423bbf4892e6590ba056729) Importer(815301076,1909f56bfc062723c751e8b465ee728b)  -> (artifact id: 'e9501309d4b6b1e3eeb8769e1ed4b392') in 0.009899 seconds
  Import took 0.012261 seconds .

========================================================================
Received Import Request.
  Time since last request: 15.143598 seconds.
  path: Assets/Prefab/Background.prefab
  artifactKey: Guid(b02566d0dab2c0d409e7f4e6b22f5880) Importer(815301076,1909f56bfc062723c751e8b465ee728b)
Start importing Assets/Prefab/Background.prefab using Guid(b02566d0dab2c0d409e7f4e6b22f5880) Importer(815301076,1909f56bfc062723c751e8b465ee728b)  -> (artifact id: '0e0b46356ed0f797b35efc7ce2581b1e') in 0.070275 seconds
  Import took 0.072959 seconds .

========================================================================
Received Import Request.
  Time since last request: 0.000170 seconds.
  path: Assets/Prefab/TPDeparture.prefab
  artifactKey: Guid(daf176d307812474a9a1380f40071f34) Importer(815301076,1909f56bfc062723c751e8b465ee728b)
Start importing Assets/Prefab/TPDeparture.prefab using Guid(daf176d307812474a9a1380f40071f34) Importer(815301076,1909f56bfc062723c751e8b465ee728b)  -> (artifact id: '8a8079ecb8f43094e462c1049386fa56') in 0.006487 seconds
  Import took 0.008877 seconds .

========================================================================
Received Import Request.
  Time since last request: 0.000179 seconds.
  path: Assets/Prefab/TPDestination.prefab
  artifactKey: Guid(282865c54669bb04c83eff7d101dcc8b) Importer(815301076,1909f56bfc062723c751e8b465ee728b)
Start importing Assets/Prefab/TPDestination.prefab using Guid(282865c54669bb04c83eff7d101dcc8b) Importer(815301076,1909f56bfc062723c751e8b465ee728b)  -> (artifact id: 'a0d43c6fe58e16e8face0c9f4fbe7846') in 0.010397 seconds
  Import took 0.012915 seconds .

========================================================================
Received Import Request.
  Time since last request: 0.000292 seconds.
  path: Assets/Prefab/Loule.prefab
  artifactKey: Guid(fef8d05b674e2d046ae7935e38a43e36) Importer(815301076,1909f56bfc062723c751e8b465ee728b)
Start importing Assets/Prefab/Loule.prefab using Guid(fef8d05b674e2d046ae7935e38a43e36) Importer(815301076,1909f56bfc062723c751e8b465ee728b)  -> (artifact id: '4989bb075423250580b1e8b0da4d8b75') in 0.006476 seconds
  Import took 0.009116 seconds .

========================================================================
Received Import Request.
  Time since last request: 0.000222 seconds.
  path: Assets/Prefab/Boumiere_Left.prefab
  artifactKey: Guid(b90de76fb7f6183458f86749290be292) Importer(815301076,1909f56bfc062723c751e8b465ee728b)
Start importing Assets/Prefab/Boumiere_Left.prefab using Guid(b90de76fb7f6183458f86749290be292) Importer(815301076,1909f56bfc062723c751e8b465ee728b)  -> (artifact id: 'b00052e162f94f67f5bf25a9ba2b212b') in 0.006245 seconds
  Import took 0.008863 seconds .

========================================================================
Received Import Request.
  Time since last request: 0.000174 seconds.
  path: Assets/Prefab/Boumiere_Right.prefab
  artifactKey: Guid(9adb54a19acdd5e4dbdcafeee3514974) Importer(815301076,1909f56bfc062723c751e8b465ee728b)
Start importing Assets/Prefab/Boumiere_Right.prefab using Guid(9adb54a19acdd5e4dbdcafeee3514974) Importer(815301076,1909f56bfc062723c751e8b465ee728b)  -> (artifact id: '889155643ed3c283f028740a9f4d969c') in 0.005879 seconds
  Import took 0.008460 seconds .

========================================================================
Received Import Request.
  Time since last request: 0.000191 seconds.
  path: Assets/Prefab/Wall.prefab
  artifactKey: Guid(3f6cfb2e5ffc43e4ba7eb87a05f742cd) Importer(815301076,1909f56bfc062723c751e8b465ee728b)
Start importing Assets/Prefab/Wall.prefab using Guid(3f6cfb2e5ffc43e4ba7eb87a05f742cd) Importer(815301076,1909f56bfc062723c751e8b465ee728b)  -> (artifact id: 'd580b87ba6b575e6c21dbb39fcf39ad3') in 0.005234 seconds
  Import took 0.007780 seconds .

========================================================================
Received Import Request.
  Time since last request: 15.128993 seconds.
  path: ProjectSettings/TagManager.asset
  artifactKey: Guid(00000000000000003000000000000000) Importer(815301076,1909f56bfc062723c751e8b465ee728b)
Start importing ProjectSettings/TagManager.asset using Guid(00000000000000003000000000000000) Importer(815301076,1909f56bfc062723c751e8b465ee728b)  -> (artifact id: '95df672b4aaba54310d34c83eef51bb8') in 0.002783 seconds
  Import took 0.005457 seconds .

========================================================================
Received Import Request.
  Time since last request: 0.002145 seconds.
  path: ProjectSettings/TagManager.asset
  artifactKey: Guid(00000000000000003000000000000000) Importer(815301076,1909f56bfc062723c751e8b465ee728b)
Start importing ProjectSettings/TagManager.asset using Guid(00000000000000003000000000000000) Importer(815301076,1909f56bfc062723c751e8b465ee728b)  -> (artifact id: '95df672b4aaba54310d34c83eef51bb8') in 0.001466 seconds
  Import took 0.003934 seconds .

========================================================================
Received Import Request.
  Time since last request: 15.263503 seconds.
  path: Assets/Prefab/TPDestination.prefab
  artifactKey: Guid(282865c54669bb04c83eff7d101dcc8b) Importer(815301076,1909f56bfc062723c751e8b465ee728b)
Start importing Assets/Prefab/TPDestination.prefab using Guid(282865c54669bb04c83eff7d101dcc8b) Importer(815301076,1909f56bfc062723c751e8b465ee728b)  -> (artifact id: 'd280db8b06a875365d554a70de2ead3e') in 0.005788 seconds
  Import took 0.008889 seconds .

========================================================================
Received Prepare
Registering precompiled user dll's ...
Registered in 0.002670 seconds.
Begin MonoManager ReloadAssembly
Native extension for WindowsStandalone target not found
Native extension for WebGL target not found
Refreshing native plugins compatible for Editor in 0.40 ms, found 3 plugins.
Preloading 0 native plugins for Editor in 0.00 ms.
Mono: successfully reloaded assembly
- Completed reload, in  0.824 seconds
Platform modules already initialized, skipping
Refreshing native plugins compatible for Editor in 0.39 ms, found 3 plugins.
Preloading 0 native plugins for Editor in 0.00 ms.
Unloading 2078 Unused Serialized files (Serialized files now loaded: 0)
System memory in use before: 96.7 MB.
System memory in use after: 96.6 MB.

Unloading 23 unused Assets to reduce memory usage. Loaded Objects now: 2527.
Total: 1.839400 ms (FindLiveObjects: 0.202300 ms CreateObjectMapping: 0.079100 ms MarkObjects: 1.474200 ms  DeleteObjects: 0.082500 ms)

========================================================================
Received Import Request.
  Time since last request: 24.693230 seconds.
  path: Assets/Prefab/Loule.prefab
  artifactKey: Guid(fef8d05b674e2d046ae7935e38a43e36) Importer(815301076,1909f56bfc062723c751e8b465ee728b)
Start importing Assets/Prefab/Loule.prefab using Guid(fef8d05b674e2d046ae7935e38a43e36) Importer(815301076,1909f56bfc062723c751e8b465ee728b)  -> (artifact id: 'cc93171921c5704664fd0d9720fbb8c3') in 0.038538 seconds
  Import took 0.041457 seconds .

========================================================================
Received Import Request.
  Time since last request: 2.853384 seconds.
  path: Assets/Prefab/Boumiere_Right.prefab
  artifactKey: Guid(9adb54a19acdd5e4dbdcafeee3514974) Importer(815301076,1909f56bfc062723c751e8b465ee728b)
Start importing Assets/Prefab/Boumiere_Right.prefab using Guid(9adb54a19acdd5e4dbdcafeee3514974) Importer(815301076,1909f56bfc062723c751e8b465ee728b)  -> (artifact id: '9890c7b9a90648e264673edd53ca3a96') in 0.009317 seconds
  Import took 0.012010 seconds .

========================================================================
Received Import Request.
  Time since last request: 2.710735 seconds.
  path: Assets/Prefab/Boumiere_Left.prefab
  artifactKey: Guid(b90de76fb7f6183458f86749290be292) Importer(815301076,1909f56bfc062723c751e8b465ee728b)
Start importing Assets/Prefab/Boumiere_Left.prefab using Guid(b90de76fb7f6183458f86749290be292) Importer(815301076,1909f56bfc062723c751e8b465ee728b)  -> (artifact id: 'f0e182311ddd743524a4ee9d0983d914') in 0.005877 seconds
  Import took 0.008751 seconds .

========================================================================
Received Prepare
Registering precompiled user dll's ...
Registered in 0.002429 seconds.
Begin MonoManager ReloadAssembly
Native extension for WindowsStandalone target not found
Native extension for WebGL target not found
Refreshing native plugins compatible for Editor in 0.41 ms, found 3 plugins.
Preloading 0 native plugins for Editor in 0.00 ms.
Mono: successfully reloaded assembly
- Completed reload, in  0.770 seconds
Platform modules already initialized, skipping
Refreshing native plugins compatible for Editor in 0.43 ms, found 3 plugins.
Preloading 0 native plugins for Editor in 0.00 ms.
Unloading 2078 Unused Serialized files (Serialized files now loaded: 0)
System memory in use before: 96.7 MB.
System memory in use after: 96.7 MB.

Unloading 21 unused Assets to reduce memory usage. Loaded Objects now: 2532.
Total: 1.786900 ms (FindLiveObjects: 0.182200 ms CreateObjectMapping: 0.078800 ms MarkObjects: 1.440900 ms  DeleteObjects: 0.084100 ms)

========================================================================
Received Import Request.
  Time since last request: 71.801289 seconds.
  path: Assets/Prefab/Loule.prefab
  artifactKey: Guid(fef8d05b674e2d046ae7935e38a43e36) Importer(815301076,1909f56bfc062723c751e8b465ee728b)
Start importing Assets/Prefab/Loule.prefab using Guid(fef8d05b674e2d046ae7935e38a43e36) Importer(815301076,1909f56bfc062723c751e8b465ee728b)  -> (artifact id: '5d6f64b537b3b59cae8bc1c9836ea074') in 0.038032 seconds
  Import took 0.040636 seconds .

========================================================================
Received Prepare
Registering precompiled user dll's ...
Registered in 0.002395 seconds.
Begin MonoManager ReloadAssembly
Native extension for WindowsStandalone target not found
Native extension for WebGL target not found
Refreshing native plugins compatible for Editor in 0.41 ms, found 3 plugins.
Preloading 0 native plugins for Editor in 0.00 ms.
Mono: successfully reloaded assembly
- Completed reload, in  0.776 seconds
Platform modules already initialized, skipping
Refreshing native plugins compatible for Editor in 0.38 ms, found 3 plugins.
Preloading 0 native plugins for Editor in 0.00 ms.
Unloading 2078 Unused Serialized files (Serialized files now loaded: 0)
System memory in use before: 96.7 MB.
System memory in use after: 96.7 MB.

Unloading 21 unused Assets to reduce memory usage. Loaded Objects now: 2537.
Total: 2.127300 ms (FindLiveObjects: 0.219800 ms CreateObjectMapping: 0.094700 ms MarkObjects: 1.714900 ms  DeleteObjects: 0.097000 ms)

========================================================================
Received Import Request.
  Time since last request: 172.871051 seconds.
  path: Assets/Scenes
  artifactKey: Guid(7b40835e3fa5e7b4da7b5fef85945294) Importer(815301076,1909f56bfc062723c751e8b465ee728b)
Start importing Assets/Scenes using Guid(7b40835e3fa5e7b4da7b5fef85945294) Importer(815301076,1909f56bfc062723c751e8b465ee728b)  -> (artifact id: 'd04955ec2b902456572df8fbe97f30ee') in 0.003867 seconds
  Import took 0.006577 seconds .

========================================================================
Received Import Request.
  Time since last request: 5.013121 seconds.
  path: Assets/Scenes/Menu.unity
  artifactKey: Guid(ccba1b1f5980f1540ad667c8d756c89c) Importer(815301076,1909f56bfc062723c751e8b465ee728b)
Start importing Assets/Scenes/Menu.unity using Guid(ccba1b1f5980f1540ad667c8d756c89c) Importer(815301076,1909f56bfc062723c751e8b465ee728b)  -> (artifact id: 'cbf4e32b2f95210fdd88bf6f30401d2c') in 0.006122 seconds
  Import took 0.008723 seconds .

========================================================================
Received Import Request.
  Time since last request: 13.665641 seconds.
  path: Assets/Scenes/Playground.unity
  artifactKey: Guid(2cda990e2423bbf4892e6590ba056729) Importer(815301076,1909f56bfc062723c751e8b465ee728b)
Start importing Assets/Scenes/Playground.unity using Guid(2cda990e2423bbf4892e6590ba056729) Importer(815301076,1909f56bfc062723c751e8b465ee728b)  -> (artifact id: '641eb433c7cd1f4962ef8432603eea4b') in 0.001502 seconds
  Import took 0.004152 seconds .

========================================================================
Received Import Request.
  Time since last request: 0.002957 seconds.
  path: Assets/Scenes/Playground.unity
  artifactKey: Guid(2cda990e2423bbf4892e6590ba056729) Importer(815301076,1909f56bfc062723c751e8b465ee728b)
Start importing Assets/Scenes/Playground.unity using Guid(2cda990e2423bbf4892e6590ba056729) Importer(815301076,1909f56bfc062723c751e8b465ee728b)  -> (artifact id: '641eb433c7cd1f4962ef8432603eea4b') in 0.001281 seconds
  Import took 0.003825 seconds .

========================================================================
Received Import Request.
  Time since last request: 8.738948 seconds.
  path: Assets/Scripts
  artifactKey: Guid(59da072afdf4a4740a6827f77f28d4f0) Importer(815301076,1909f56bfc062723c751e8b465ee728b)
Start importing Assets/Scripts using Guid(59da072afdf4a4740a6827f77f28d4f0) Importer(815301076,1909f56bfc062723c751e8b465ee728b)  -> (artifact id: 'bc7c20c20e4cc4ec7d58cc3d802075f7') in 0.001115 seconds
  Import took 0.003687 seconds .

========================================================================
Received Import Request.
  Time since last request: 3.862882 seconds.
  path: Assets/Scripts/Manager
  artifactKey: Guid(f5190d05326ddc249afed0c7a9be1363) Importer(815301076,1909f56bfc062723c751e8b465ee728b)
Start importing Assets/Scripts/Manager using Guid(f5190d05326ddc249afed0c7a9be1363) Importer(815301076,1909f56bfc062723c751e8b465ee728b)  -> (artifact id: '00004517254e9d0565ea7a68dc71f2ff') in 0.001169 seconds
  Import took 0.003789 seconds .

========================================================================
Received Import Request.
  Time since last request: 10.125973 seconds.
  path: Assets/Scripts/Manager/SceneManager.cs
  artifactKey: Guid(25bf00f8d5f9a11489121be14c60f4d1) Importer(815301076,1909f56bfc062723c751e8b465ee728b)
Start importing Assets/Scripts/Manager/SceneManager.cs using Guid(25bf00f8d5f9a11489121be14c60f4d1) Importer(815301076,1909f56bfc062723c751e8b465ee728b)  -> (artifact id: '64f6909656f273867b9e8c6bf0538706') in 0.004029 seconds
  Import took 0.006639 seconds .

========================================================================
Received Import Request.
  Time since last request: 0.001085 seconds.
  path: Assets/Scripts/Manager/SceneManager.cs
  artifactKey: Guid(25bf00f8d5f9a11489121be14c60f4d1) Importer(815301076,1909f56bfc062723c751e8b465ee728b)
Start importing Assets/Scripts/Manager/SceneManager.cs using Guid(25bf00f8d5f9a11489121be14c60f4d1) Importer(815301076,1909f56bfc062723c751e8b465ee728b)  -> (artifact id: '64f6909656f273867b9e8c6bf0538706') in 0.001020 seconds
  Import took 0.003535 seconds .

========================================================================
Received Prepare
Registering precompiled user dll's ...
Registered in 0.002338 seconds.
Begin MonoManager ReloadAssembly
Native extension for WindowsStandalone target not found
Native extension for WebGL target not found
Refreshing native plugins compatible for Editor in 0.41 ms, found 3 plugins.
Preloading 0 native plugins for Editor in 0.00 ms.
Mono: successfully reloaded assembly
- Completed reload, in  0.810 seconds
Platform modules already initialized, skipping
Refreshing native plugins compatible for Editor in 0.43 ms, found 3 plugins.
Preloading 0 native plugins for Editor in 0.00 ms.
Unloading 2079 Unused Serialized files (Serialized files now loaded: 0)
System memory in use before: 96.8 MB.
System memory in use after: 96.8 MB.

Unloading 21 unused Assets to reduce memory usage. Loaded Objects now: 2542.
Total: 1.890700 ms (FindLiveObjects: 0.191900 ms CreateObjectMapping: 0.059700 ms MarkObjects: 1.550600 ms  DeleteObjects: 0.087800 ms)

========================================================================
Received Import Request.
  Time since last request: 90.093429 seconds.
  path: Assets/Scripts/Manager/_MGR_SceneManager.cs
  artifactKey: Guid(25bf00f8d5f9a11489121be14c60f4d1) Importer(815301076,1909f56bfc062723c751e8b465ee728b)
Start importing Assets/Scripts/Manager/_MGR_SceneManager.cs using Guid(25bf00f8d5f9a11489121be14c60f4d1) Importer(815301076,1909f56bfc062723c751e8b465ee728b)  -> (artifact id: 'df857045f914a18466493f2f2628c901') in 0.003975 seconds
  Import took 0.006888 seconds .

========================================================================
Received Prepare
Registering precompiled user dll's ...
Registered in 0.003300 seconds.
Begin MonoManager ReloadAssembly
Native extension for WindowsStandalone target not found
Native extension for WebGL target not found
Refreshing native plugins compatible for Editor in 0.40 ms, found 3 plugins.
Preloading 0 native plugins for Editor in 0.00 ms.
Mono: successfully reloaded assembly
- Completed reload, in  0.795 seconds
Platform modules already initialized, skipping
Refreshing native plugins compatible for Editor in 0.36 ms, found 3 plugins.
Preloading 0 native plugins for Editor in 0.00 ms.
Unloading 2079 Unused Serialized files (Serialized files now loaded: 0)
System memory in use before: 96.8 MB.
System memory in use after: 96.8 MB.

Unloading 21 unused Assets to reduce memory usage. Loaded Objects now: 2546.
Total: 1.967000 ms (FindLiveObjects: 0.190200 ms CreateObjectMapping: 0.068800 ms MarkObjects: 1.625600 ms  DeleteObjects: 0.081700 ms)

========================================================================
Received Prepare
Registering precompiled user dll's ...
Registered in 0.002480 seconds.
Begin MonoManager ReloadAssembly
Native extension for WindowsStandalone target not found
Native extension for WebGL target not found
Refreshing native plugins compatible for Editor in 0.39 ms, found 3 plugins.
Preloading 0 native plugins for Editor in 0.00 ms.
Mono: successfully reloaded assembly
- Completed reload, in  0.790 seconds
Platform modules already initialized, skipping
Refreshing native plugins compatible for Editor in 0.38 ms, found 3 plugins.
Preloading 0 native plugins for Editor in 0.00 ms.
Unloading 2078 Unused Serialized files (Serialized files now loaded: 0)
System memory in use before: 96.8 MB.
System memory in use after: 96.7 MB.

Unloading 22 unused Assets to reduce memory usage. Loaded Objects now: 2549.
Total: 1.756800 ms (FindLiveObjects: 0.167700 ms CreateObjectMapping: 0.073300 ms MarkObjects: 1.432600 ms  DeleteObjects: 0.082100 ms)

========================================================================
Received Import Request.
  Time since last request: 19.832678 seconds.
  path: Assets/Scripts/Boumiere.cs
  artifactKey: Guid(de6423d74bd69444883da7ba28f20b25) Importer(815301076,1909f56bfc062723c751e8b465ee728b)
Start importing Assets/Scripts/Boumiere.cs using Guid(de6423d74bd69444883da7ba28f20b25) Importer(815301076,1909f56bfc062723c751e8b465ee728b)  -> (artifact id: '2d6d63417a9d3d1cb999cb4b90cecf22') in 0.003683 seconds
  Import took 0.006390 seconds .

========================================================================
Received Import Request.
  Time since last request: 0.022378 seconds.
  path: Assets/Scripts/Boumiere.cs
  artifactKey: Guid(de6423d74bd69444883da7ba28f20b25) Importer(815301076,1909f56bfc062723c751e8b465ee728b)
Start importing Assets/Scripts/Boumiere.cs using Guid(de6423d74bd69444883da7ba28f20b25) Importer(815301076,1909f56bfc062723c751e8b465ee728b)  -> (artifact id: '2d6d63417a9d3d1cb999cb4b90cecf22') in 0.001009 seconds
  Import took 0.003650 seconds .

========================================================================
Received Import Request.
  Time since last request: 121.707623 seconds.
  path: Assets/Scripts/Manager/SceneManager.cs
  artifactKey: Guid(e94ae72b0e807f542a3fa8ec4593da78) Importer(815301076,1909f56bfc062723c751e8b465ee728b)
Start importing Assets/Scripts/Manager/SceneManager.cs using Guid(e94ae72b0e807f542a3fa8ec4593da78) Importer(815301076,1909f56bfc062723c751e8b465ee728b)  -> (artifact id: '2d210b5f5e35c6a039b215fe8b05596a') in 0.001025 seconds
  Import took 0.004223 seconds .

========================================================================
Received Prepare
Registering precompiled user dll's ...
Registered in 0.003732 seconds.
Begin MonoManager ReloadAssembly
Native extension for WindowsStandalone target not found
Native extension for WebGL target not found
Refreshing native plugins compatible for Editor in 0.41 ms, found 3 plugins.
Preloading 0 native plugins for Editor in 0.00 ms.
Mono: successfully reloaded assembly
- Completed reload, in  0.805 seconds
Platform modules already initialized, skipping
Refreshing native plugins compatible for Editor in 0.38 ms, found 3 plugins.
Preloading 0 native plugins for Editor in 0.00 ms.
Unloading 2079 Unused Serialized files (Serialized files now loaded: 0)
System memory in use before: 96.8 MB.
System memory in use after: 96.8 MB.

Unloading 21 unused Assets to reduce memory usage. Loaded Objects now: 2554.
Total: 1.800600 ms (FindLiveObjects: 0.163100 ms CreateObjectMapping: 0.066600 ms MarkObjects: 1.489100 ms  DeleteObjects: 0.081200 ms)

========================================================================
Received Prepare
Registering precompiled user dll's ...
Registered in 0.002653 seconds.
Begin MonoManager ReloadAssembly
Native extension for WindowsStandalone target not found
Native extension for WebGL target not found
Refreshing native plugins compatible for Editor in 0.40 ms, found 3 plugins.
Preloading 0 native plugins for Editor in 0.00 ms.
Mono: successfully reloaded assembly
- Completed reload, in  0.770 seconds
Platform modules already initialized, skipping
Refreshing native plugins compatible for Editor in 0.38 ms, found 3 plugins.
Preloading 0 native plugins for Editor in 0.00 ms.
Unloading 2079 Unused Serialized files (Serialized files now loaded: 0)
System memory in use before: 96.8 MB.
System memory in use after: 96.8 MB.

Unloading 21 unused Assets to reduce memory usage. Loaded Objects now: 2558.
Total: 1.797500 ms (FindLiveObjects: 0.167000 ms CreateObjectMapping: 0.067800 ms MarkObjects: 1.482300 ms  DeleteObjects: 0.079600 ms)

========================================================================
Received Import Request.
  Time since last request: 235.086354 seconds.
  path: Assets/Scripts/Manager/SceneManager.cs
  artifactKey: Guid(e94ae72b0e807f542a3fa8ec4593da78) Importer(815301076,1909f56bfc062723c751e8b465ee728b)
Start importing Assets/Scripts/Manager/SceneManager.cs using Guid(e94ae72b0e807f542a3fa8ec4593da78) Importer(815301076,1909f56bfc062723c751e8b465ee728b)  -> (artifact id: 'dc64858476342ef589509de3337c885c') in 0.003397 seconds
  Import took 0.005652 seconds .

========================================================================
Received Prepare
Registering precompiled user dll's ...
Registered in 0.002440 seconds.
Begin MonoManager ReloadAssembly
Native extension for WindowsStandalone target not found
Native extension for WebGL target not found
Refreshing native plugins compatible for Editor in 0.39 ms, found 3 plugins.
Preloading 0 native plugins for Editor in 0.00 ms.
Mono: successfully reloaded assembly
- Completed reload, in  0.813 seconds
Platform modules already initialized, skipping
Refreshing native plugins compatible for Editor in 0.39 ms, found 3 plugins.
Preloading 0 native plugins for Editor in 0.00 ms.
Unloading 2079 Unused Serialized files (Serialized files now loaded: 0)
System memory in use before: 96.8 MB.
System memory in use after: 96.8 MB.

Unloading 21 unused Assets to reduce memory usage. Loaded Objects now: 2562.
Total: 1.893600 ms (FindLiveObjects: 0.209500 ms CreateObjectMapping: 0.086600 ms MarkObjects: 1.506400 ms  DeleteObjects: 0.090400 ms)

========================================================================
Received Import Request.
  Time since last request: 209.054980 seconds.
  path: Assets/Scripts/Manager/SceneManager.cs
  artifactKey: Guid(e94ae72b0e807f542a3fa8ec4593da78) Importer(815301076,1909f56bfc062723c751e8b465ee728b)
Start importing Assets/Scripts/Manager/SceneManager.cs using Guid(e94ae72b0e807f542a3fa8ec4593da78) Importer(815301076,1909f56bfc062723c751e8b465ee728b)  -> (artifact id: '93725bb7b3d6608dd142db30fb0dfd76') in 0.003494 seconds
  Import took 0.006220 seconds .

========================================================================
Received Import Request.
  Time since last request: 0.020286 seconds.
  path: Assets/Scripts/Manager/SceneManager.cs
  artifactKey: Guid(e94ae72b0e807f542a3fa8ec4593da78) Importer(815301076,1909f56bfc062723c751e8b465ee728b)
Start importing Assets/Scripts/Manager/SceneManager.cs using Guid(e94ae72b0e807f542a3fa8ec4593da78) Importer(815301076,1909f56bfc062723c751e8b465ee728b)  -> (artifact id: '93725bb7b3d6608dd142db30fb0dfd76') in 0.001082 seconds
  Import took 0.003708 seconds .

AssetImportWorkerClient::OnTransportError - code=2 error=End of file
